<?xml version="1.0" encoding="UTF-8"?>
<!-- Generated by org.testng.reporters.JUnitReportReporter -->
<testsuite skipped="0" hostname="LAPTOP-E8PU3SFA" name="com.crm.qa.testcases.LoginPageTest" tests="1" failures="0" timestamp="22 Dec 2019 05:32:48 GMT" time="7.798" errors="0">
  <testcase name="LoginIntoHomePage" time="7.798" classname="com.crm.qa.testcases.LoginPageTest"/>
</testsuite> <!-- com.crm.qa.testcases.LoginPageTest -->
